<?xml version="1.0" encoding="UTF-8"?>
<!-- Generated by org.testng.reporters.JUnitXMLReporter -->
<testsuite hostname="Pallavis-MacBook-Air.local" ignored="0" name="FireFox Test" tests="1" failures="1" timestamp="31 May 2017 07:00:41 GMT" time="29.171" errors="0">
  <testcase name="flipkartDriver" time="14.857" classname="flipkartDemo.FlipkartHomePage">
    <failure type="org.openqa.selenium.InvalidSelectorException" message="Given xpath expression &amp;quot;.//*[@id=&amp;apos;container&amp;apos;]/div/header/div[2]/div/ul/li[1]/ul/li/ul/li[1]/ul/li[5]/a&amp;apos;)]&amp;quot; is invalid: SyntaxError: The expression is not a legal expression.
For documentation on this error, please visit: http://seleniumhq.org/exceptions/invalid_selector_exception.html
Build info: version: &amp;apos;unknown&amp;apos;, revision: &amp;apos;unknown&amp;apos;, time: &amp;apos;unknown&amp;apos;
System info: host: &amp;apos;Pallavis-MacBook-Air.local&amp;apos;, ip: &amp;apos;fe80:0:0:0:c6b3:1ff:fe99:b8a2%en0&amp;apos;, os.name: &amp;apos;Mac OS X&amp;apos;, os.arch: &amp;apos;x86_64&amp;apos;, os.version: &amp;apos;10.11.6&amp;apos;, java.version: &amp;apos;1.8.0_131&amp;apos;
Driver info: org.openqa.selenium.firefox.FirefoxDriver
Capabilities [{moz:profile=/var/folders/y8/kw7qlrx920jbw8ztrzl94hv80000gn/T/rust_mozprofile.oz8BouEWxU4Z, rotatable=false, timeouts={implicit=0.0, pageLoad=300000.0, script=30000.0}, pageLoadStrategy=normal, platform=ANY, specificationLevel=0.0, moz:accessibilityChecks=false, acceptInsecureCerts=false, browserVersion=53.0.3, platformVersion=15.6.0, moz:processID=1060.0, browserName=firefox, javascriptEnabled=true, platformName=darwin}]
Session ID: 2e40f395-f222-ad42-9e33-e00641c82a1d
*** Element info: {Using=xpath, value=.//*[@id=&amp;apos;container&amp;apos;]/div/header/div[2]/div/ul/li[1]/ul/li/ul/li[1]/ul/li[5]/a&amp;apos;)]}">
      <![CDATA[org.openqa.selenium.InvalidSelectorException: Given xpath expression ".//*[@id='container']/div/header/div[2]/div/ul/li[1]/ul/li/ul/li[1]/ul/li[5]/a')]" is invalid: SyntaxError: The expression is not a legal expression.
For documentation on this error, please visit: http://seleniumhq.org/exceptions/invalid_selector_exception.html
Build info: version: 'unknown', revision: 'unknown', time: 'unknown'
System info: host: 'Pallavis-MacBook-Air.local', ip: 'fe80:0:0:0:c6b3:1ff:fe99:b8a2%en0', os.name: 'Mac OS X', os.arch: 'x86_64', os.version: '10.11.6', java.version: '1.8.0_131'
Driver info: org.openqa.selenium.firefox.FirefoxDriver
Capabilities [{moz:profile=/var/folders/y8/kw7qlrx920jbw8ztrzl94hv80000gn/T/rust_mozprofile.oz8BouEWxU4Z, rotatable=false, timeouts={implicit=0.0, pageLoad=300000.0, script=30000.0}, pageLoadStrategy=normal, platform=ANY, specificationLevel=0.0, moz:accessibilityChecks=false, acceptInsecureCerts=false, browserVersion=53.0.3, platformVersion=15.6.0, moz:processID=1060.0, browserName=firefox, javascriptEnabled=true, platformName=darwin}]
Session ID: 2e40f395-f222-ad42-9e33-e00641c82a1d
*** Element info: {Using=xpath, value=.//*[@id='container']/div/header/div[2]/div/ul/li[1]/ul/li/ul/li[1]/ul/li[5]/a')]}
	at org.openqa.selenium.remote.http.W3CHttpResponseCodec.createException(W3CHttpResponseCodec.java:150)
	at org.openqa.selenium.remote.http.W3CHttpResponseCodec.decode(W3CHttpResponseCodec.java:115)
	at org.openqa.selenium.remote.http.W3CHttpResponseCodec.decode(W3CHttpResponseCodec.java:45)
	at org.openqa.selenium.remote.HttpCommandExecutor.execute(HttpCommandExecutor.java:164)
	at org.openqa.selenium.remote.service.DriverCommandExecutor.execute(DriverCommandExecutor.java:82)
	at org.openqa.selenium.remote.RemoteWebDriver.execute(RemoteWebDriver.java:637)
	at org.openqa.selenium.remote.RemoteWebDriver.findElement(RemoteWebDriver.java:410)
	at org.openqa.selenium.remote.RemoteWebDriver.findElementByXPath(RemoteWebDriver.java:509)
	at org.openqa.selenium.By$ByXPath.findElement(By.java:361)
	at org.openqa.selenium.remote.RemoteWebDriver.findElement(RemoteWebDriver.java:402)
	at flipkartDemo.ElectronicMobile.mobileSection(ElectronicMobile.java:30)
	at flipkartDemo.FlipkartHomePage.flipkartDriver(FlipkartHomePage.java:55)
	at java.util.concurrent.FutureTask.run(FutureTask.java:266)
	at java.util.concurrent.ThreadPoolExecutor.runWorker(ThreadPoolExecutor.java:1142)
	at java.util.concurrent.ThreadPoolExecutor$Worker.run(ThreadPoolExecutor.java:617)
	at java.lang.Thread.run(Thread.java:748)
... Removed 20 stack frames]]>
    </failure>
  </testcase> <!-- flipkartDriver -->
</testsuite> <!-- FireFox Test -->
