<?xml version="1.0" encoding="UTF-8"?>
<!-- Generated by org.testng.reporters.JUnitReportReporter -->
<testsuite skipped="0" hostname="Pallavis-MacBook-Air.local" name="flipkartDemo.FlipkartHomePage" tests="1" failures="0" timestamp="31 May 2017 07:00:41 GMT" time="14.857" errors="1">
  <testcase name="flipkartDriver" time="14.857" classname="flipkartDemo.FlipkartHomePage">
    <error type="org.openqa.selenium.InvalidSelectorException" message="Given xpath expression &quot;.//*[@id=&#039;container&#039;]/div/header/div[2]/div/ul/li[1]/ul/li/ul/li[1]/ul/li[5]/a&#039;)]&quot; is invalid: SyntaxError: The expression is not a legal expression.
For documentation on this error, please visit: http://seleniumhq.org/exceptions/invalid_selector_exception.html
Build info: version: &#039;unknown&#039;, revision: &#039;unknown&#039;, time: &#039;unknown&#039;
System info: host: &#039;Pallavis-MacBook-Air.local&#039;, ip: &#039;fe80:0:0:0:c6b3:1ff:fe99:b8a2%en0&#039;, os.name: &#039;Mac OS X&#039;, os.arch: &#039;x86_64&#039;, os.version: &#039;10.11.6&#039;, java.version: &#039;1.8.0_131&#039;
Driver info: org.openqa.selenium.firefox.FirefoxDriver
Capabilities [{moz:profile=/var/folders/y8/kw7qlrx920jbw8ztrzl94hv80000gn/T/rust_mozprofile.oz8BouEWxU4Z, rotatable=false, timeouts={implicit=0.0, pageLoad=300000.0, script=30000.0}, pageLoadStrategy=normal, platform=ANY, specificationLevel=0.0, moz:accessibilityChecks=false, acceptInsecureCerts=false, browserVersion=53.0.3, platformVersion=15.6.0, moz:processID=1060.0, browserName=firefox, javascriptEnabled=true, platformName=darwin}]
Session ID: 2e40f395-f222-ad42-9e33-e00641c82a1d
*** Element info: {Using=xpath, value=.//*[@id=&#039;container&#039;]/div/header/div[2]/div/ul/li[1]/ul/li/ul/li[1]/ul/li[5]/a&#039;)]}">
      <![CDATA[org.openqa.selenium.InvalidSelectorException: Given xpath expression ".//*[@id='container']/div/header/div[2]/div/ul/li[1]/ul/li/ul/li[1]/ul/li[5]/a')]" is invalid: SyntaxError: The expression is not a legal expression.
For documentation on this error, please visit: http://seleniumhq.org/exceptions/invalid_selector_exception.html
Build info: version: 'unknown', revision: 'unknown', time: 'unknown'
System info: host: 'Pallavis-MacBook-Air.local', ip: 'fe80:0:0:0:c6b3:1ff:fe99:b8a2%en0', os.name: 'Mac OS X', os.arch: 'x86_64', os.version: '10.11.6', java.version: '1.8.0_131'
Driver info: org.openqa.selenium.firefox.FirefoxDriver
Capabilities [{moz:profile=/var/folders/y8/kw7qlrx920jbw8ztrzl94hv80000gn/T/rust_mozprofile.oz8BouEWxU4Z, rotatable=false, timeouts={implicit=0.0, pageLoad=300000.0, script=30000.0}, pageLoadStrategy=normal, platform=ANY, specificationLevel=0.0, moz:accessibilityChecks=false, acceptInsecureCerts=false, browserVersion=53.0.3, platformVersion=15.6.0, moz:processID=1060.0, browserName=firefox, javascriptEnabled=true, platformName=darwin}]
Session ID: 2e40f395-f222-ad42-9e33-e00641c82a1d
*** Element info: {Using=xpath, value=.//*[@id='container']/div/header/div[2]/div/ul/li[1]/ul/li/ul/li[1]/ul/li[5]/a')]}
	at sun.reflect.NativeConstructorAccessorImpl.newInstance0(Native Method)
	at sun.reflect.NativeConstructorAccessorImpl.newInstance(NativeConstructorAccessorImpl.java:62)
	at sun.reflect.DelegatingConstructorAccessorImpl.newInstance(DelegatingConstructorAccessorImpl.java:45)
	at java.lang.reflect.Constructor.newInstance(Constructor.java:423)
	at org.openqa.selenium.remote.http.W3CHttpResponseCodec.createException(W3CHttpResponseCodec.java:150)
	at org.openqa.selenium.remote.http.W3CHttpResponseCodec.decode(W3CHttpResponseCodec.java:115)
	at org.openqa.selenium.remote.http.W3CHttpResponseCodec.decode(W3CHttpResponseCodec.java:45)
	at org.openqa.selenium.remote.HttpCommandExecutor.execute(HttpCommandExecutor.java:164)
	at org.openqa.selenium.remote.service.DriverCommandExecutor.execute(DriverCommandExecutor.java:82)
	at org.openqa.selenium.remote.RemoteWebDriver.execute(RemoteWebDriver.java:637)
	at org.openqa.selenium.remote.RemoteWebDriver.findElement(RemoteWebDriver.java:410)
	at org.openqa.selenium.remote.RemoteWebDriver.findElementByXPath(RemoteWebDriver.java:509)
	at org.openqa.selenium.By$ByXPath.findElement(By.java:361)
	at org.openqa.selenium.remote.RemoteWebDriver.findElement(RemoteWebDriver.java:402)
	at flipkartDemo.ElectronicMobile.mobileSection(ElectronicMobile.java:30)
	at flipkartDemo.FlipkartHomePage.flipkartDriver(FlipkartHomePage.java:55)
	at sun.reflect.NativeMethodAccessorImpl.invoke0(Native Method)
	at sun.reflect.NativeMethodAccessorImpl.invoke(NativeMethodAccessorImpl.java:62)
	at sun.reflect.DelegatingMethodAccessorImpl.invoke(DelegatingMethodAccessorImpl.java:43)
	at java.lang.reflect.Method.invoke(Method.java:498)
	at org.testng.internal.MethodInvocationHelper.invokeMethod(MethodInvocationHelper.java:108)
	at org.testng.internal.Invoker.invokeMethod(Invoker.java:661)
	at org.testng.internal.Invoker.invokeTestMethod(Invoker.java:869)
	at org.testng.internal.Invoker.invokeTestMethods(Invoker.java:1193)
	at org.testng.internal.TestMethodWorker.invokeTestMethods(TestMethodWorker.java:126)
	at org.testng.internal.TestMethodWorker.run(TestMethodWorker.java:109)
	at org.testng.TestRunner.privateRun(TestRunner.java:744)
	at org.testng.TestRunner.run(TestRunner.java:602)
	at org.testng.SuiteRunner.runTest(SuiteRunner.java:380)
	at org.testng.SuiteRunner.access$000(SuiteRunner.java:39)
	at org.testng.SuiteRunner$SuiteWorker.run(SuiteRunner.java:414)
	at org.testng.internal.thread.ThreadUtil$1.call(ThreadUtil.java:52)
	at java.util.concurrent.FutureTask.run(FutureTask.java:266)
	at java.util.concurrent.ThreadPoolExecutor.runWorker(ThreadPoolExecutor.java:1142)
	at java.util.concurrent.ThreadPoolExecutor$Worker.run(ThreadPoolExecutor.java:617)
	at java.lang.Thread.run(Thread.java:748)
]]>
    </error>
  </testcase> <!-- flipkartDriver -->
</testsuite> <!-- flipkartDemo.FlipkartHomePage -->
